<?xml version="1.0" encoding="UTF-8"?>
<robot generator="Robot 4.1.3 (Python 3.10.2 on win32)" generated="20220322 11:25:45.455" rpa="false" schemaversion="2">
<suite id="s1" name="Verify Validcredential Suite" source="E:\caption_project\robot_framework\login_suite\verify_validcredential_suite.robot">
<test id="s1-t1" name="valid reg">
<kw name="Launch Browser" library="CommonFunctionality" type="SETUP">
<if>
<branch type="IF" condition="'${BROWSER_NAME}'=='edge'">
<kw name="Set Local Variable" library="BuiltIn">
<arg>${driver_name}</arg>
<arg>msedgedriver.exe</arg>
<doc>Makes a variable available everywhere within the local scope.</doc>
<status status="NOT RUN" starttime="20220322 11:25:45.939" endtime="20220322 11:25:45.939"/>
</kw>
<status status="NOT RUN" starttime="20220322 11:25:45.939" endtime="20220322 11:25:45.939"/>
</branch>
<branch type="ELSE IF" condition="'${BROWSER_NAME}'== 'ff'">
<kw name="Set Local Variable" library="BuiltIn">
<arg>${driver_name}</arg>
<arg>geckodriver.exe</arg>
<doc>Makes a variable available everywhere within the local scope.</doc>
<status status="NOT RUN" starttime="20220322 11:25:45.939" endtime="20220322 11:25:45.939"/>
</kw>
<status status="NOT RUN" starttime="20220322 11:25:45.939" endtime="20220322 11:25:45.939"/>
</branch>
<branch type="ELSE">
<kw name="Set Local Variable" library="BuiltIn">
<arg>${driver_name}</arg>
<arg>chromedriver.exe</arg>
<doc>Makes a variable available everywhere within the local scope.</doc>
<msg timestamp="20220322 11:25:45.939" level="INFO">${driver_name} = chromedriver.exe</msg>
<status status="PASS" starttime="20220322 11:25:45.939" endtime="20220322 11:25:45.939"/>
</kw>
<status status="PASS" starttime="20220322 11:25:45.939" endtime="20220322 11:25:45.939"/>
</branch>
<status status="PASS" starttime="20220322 11:25:45.939" endtime="20220322 11:25:45.939"/>
</if>
<kw name="Open Browser" library="SeleniumLibrary">
<arg>browser=${BROWSER_NAME}</arg>
<arg>executable_path=${EXECDIR}${/}driver${/}${driver_name}</arg>
<doc>Opens a new browser instance to the optional ``url``.</doc>
<msg timestamp="20220322 11:25:45.955" level="INFO">Opening browser 'chrome' to base url 'None'.</msg>
<status status="PASS" starttime="20220322 11:25:45.939" endtime="20220322 11:25:48.361"/>
</kw>
<kw name="Maximize Browser Window" library="SeleniumLibrary">
<doc>Maximizes current browser window.</doc>
<status status="PASS" starttime="20220322 11:25:48.362" endtime="20220322 11:25:48.500"/>
</kw>
<kw name="Set Selenium Implicit Wait" library="SeleniumLibrary">
<arg>30s</arg>
<doc>Sets the implicit wait value used by Selenium.</doc>
<status status="PASS" starttime="20220322 11:25:48.500" endtime="20220322 11:25:48.502"/>
</kw>
<kw name="Set Screenshot Directory" library="SeleniumLibrary">
<arg>${EXECDIR}${/}screenshot</arg>
<doc>Sets the directory for captured screenshots.</doc>
<status status="PASS" starttime="20220322 11:25:48.502" endtime="20220322 11:25:48.503"/>
</kw>
<kw name="Go To" library="SeleniumLibrary">
<arg>url=${URL}</arg>
<doc>Navigates the current browser window to the provided ``url``.</doc>
<msg timestamp="20220322 11:25:48.504" level="INFO">Opening url 'https://demo.opencart.com/index.php?route=common/home'</msg>
<status status="PASS" starttime="20220322 11:25:48.503" endtime="20220322 11:25:58.894"/>
</kw>
<kw name="Maximize Browser Window" library="SeleniumLibrary">
<doc>Maximizes current browser window.</doc>
<status status="PASS" starttime="20220322 11:25:58.895" endtime="20220322 11:25:58.904"/>
</kw>
<status status="PASS" starttime="20220322 11:25:45.939" endtime="20220322 11:25:58.905"/>
</kw>
<kw name="Click Element" library="SeleniumLibrary">
<arg>class=caret</arg>
<doc>Click the element identified by ``locator``.</doc>
<msg timestamp="20220322 11:25:58.908" level="INFO">Clicking element 'class=caret'.</msg>
<status status="PASS" starttime="20220322 11:25:58.906" endtime="20220322 11:25:59.035"/>
</kw>
<kw name="Click Element" library="SeleniumLibrary">
<arg>xpath=//*[@id="top-links"]/ul/li[2]/ul/li[1]</arg>
<doc>Click the element identified by ``locator``.</doc>
<msg timestamp="20220322 11:25:59.038" level="INFO">Clicking element 'xpath=//*[@id="top-links"]/ul/li[2]/ul/li[1]'.</msg>
<status status="PASS" starttime="20220322 11:25:59.038" endtime="20220322 11:26:40.018"/>
</kw>
<kw name="Enter firstname" library="LoginPage">
<arg>apsar jaha</arg>
<kw name="Input Text" library="SeleniumLibrary">
<arg>${FIRSTNAME_LOCATOR}</arg>
<arg>${firstname}</arg>
<doc>Types the given ``text`` into the text field identified by ``locator``.</doc>
<msg timestamp="20220322 11:26:40.021" level="INFO">Typing text 'apsar jaha' into text field 'id=input-firstname'.</msg>
<status status="PASS" starttime="20220322 11:26:40.020" endtime="20220322 11:26:40.358"/>
</kw>
<status status="PASS" starttime="20220322 11:26:40.019" endtime="20220322 11:26:40.358"/>
</kw>
<kw name="Enter lastname" library="LoginPage">
<arg>mohammed</arg>
<kw name="Input Password" library="SeleniumLibrary">
<arg>${LASTNAME_LOCATOR}</arg>
<arg>${lastname}</arg>
<doc>Types the given password into the text field identified by ``locator``.</doc>
<msg timestamp="20220322 11:26:40.374" level="INFO">Typing password into text field 'id=input-lastname'.</msg>
<msg timestamp="20220322 11:26:40.553" level="INFO">Temporally setting log level to: NONE</msg>
<msg timestamp="20220322 11:26:40.834" level="INFO">Log level changed from NONE to INFO.</msg>
<status status="PASS" starttime="20220322 11:26:40.374" endtime="20220322 11:26:40.834"/>
</kw>
<status status="PASS" starttime="20220322 11:26:40.358" endtime="20220322 11:26:40.835"/>
</kw>
<kw name="Input Text" library="SeleniumLibrary">
<arg>id=input-email</arg>
<arg>mdapsarjaha@gmail.com</arg>
<doc>Types the given ``text`` into the text field identified by ``locator``.</doc>
<msg timestamp="20220322 11:26:40.836" level="INFO">Typing text 'mdapsarjaha@gmail.com' into text field 'id=input-email'.</msg>
<status status="PASS" starttime="20220322 11:26:40.836" endtime="20220322 11:26:41.128"/>
</kw>
<kw name="Input Text" library="SeleniumLibrary">
<arg>id=input-telephone</arg>
<arg>9030788644</arg>
<doc>Types the given ``text`` into the text field identified by ``locator``.</doc>
<msg timestamp="20220322 11:26:41.130" level="INFO">Typing text '9030788644' into text field 'id=input-telephone'.</msg>
<status status="PASS" starttime="20220322 11:26:41.129" endtime="20220322 11:26:41.477"/>
</kw>
<kw name="Input Password" library="SeleniumLibrary">
<arg>id=input-password</arg>
<arg>apsar123</arg>
<doc>Types the given password into the text field identified by ``locator``.</doc>
<msg timestamp="20220322 11:26:41.479" level="INFO">Typing password into text field 'id=input-password'.</msg>
<msg timestamp="20220322 11:26:41.559" level="INFO">Temporally setting log level to: NONE</msg>
<msg timestamp="20220322 11:26:41.670" level="INFO">Log level changed from NONE to INFO.</msg>
<status status="PASS" starttime="20220322 11:26:41.478" endtime="20220322 11:26:41.671"/>
</kw>
<kw name="Input Password" library="SeleniumLibrary">
<arg>id=input-confirm</arg>
<arg>apsar123</arg>
<doc>Types the given password into the text field identified by ``locator``.</doc>
<msg timestamp="20220322 11:26:41.673" level="INFO">Typing password into text field 'id=input-confirm'.</msg>
<msg timestamp="20220322 11:26:41.754" level="INFO">Temporally setting log level to: NONE</msg>
<msg timestamp="20220322 11:26:41.859" level="INFO">Log level changed from NONE to INFO.</msg>
<status status="PASS" starttime="20220322 11:26:41.672" endtime="20220322 11:26:41.859"/>
</kw>
<kw name="Click Element" library="SeleniumLibrary">
<arg>xpath=//*[@id="content"]/form/div/div/input[1]</arg>
<doc>Click the element identified by ``locator``.</doc>
<msg timestamp="20220322 11:26:41.862" level="INFO">Clicking element 'xpath=//*[@id="content"]/form/div/div/input[1]'.</msg>
<status status="PASS" starttime="20220322 11:26:41.861" endtime="20220322 11:26:41.987"/>
</kw>
<kw name="Click Button" library="SeleniumLibrary">
<arg>xpath=//*[@id="content"]/form/div/div/input[2]</arg>
<doc>Clicks the button identified by ``locator``.</doc>
<msg timestamp="20220322 11:26:41.990" level="INFO">Clicking button 'xpath=//*[@id="content"]/form/div/div/input[2]'.</msg>
<status status="PASS" starttime="20220322 11:26:41.988" endtime="20220322 11:26:43.783"/>
</kw>
<kw name="Close Window" library="SeleniumLibrary" type="TEARDOWN">
<doc>Closes currently opened and selected browser window/tab.</doc>
<status status="PASS" starttime="20220322 11:26:43.784" endtime="20220322 11:26:43.959"/>
</kw>
<status status="PASS" starttime="20220322 11:25:45.939" endtime="20220322 11:26:43.963"/>
</test>
<doc>This suite will handles all the test cases related to valid
credential test for jiomart.</doc>
<status status="PASS" starttime="20220322 11:25:45.455" endtime="20220322 11:26:43.971"/>
</suite>
<statistics>
<total>
<stat pass="1" fail="0" skip="0">All Tests</stat>
</total>
<tag>
</tag>
<suite>
<stat pass="1" fail="0" skip="0" id="s1" name="Verify Validcredential Suite">Verify Validcredential Suite</stat>
</suite>
</statistics>
<errors>
</errors>
</robot>
